{"C:\\SHIVA\\Training\\React\\spark-clothing-app\\src\\App.js": {"path":"C:\\SHIVA\\Training\\React\\spark-clothing-app\\src\\App.js","statementMap":{"0":{"start":{"line":13,"column":36},"end":{"line":13,"column":59}},"1":{"start":{"line":14,"column":15},"end":{"line":17,"column":3}},"2":{"start":{"line":19,"column":2},"end":{"line":35,"column":4}}},"fnMap":{"0":{"name":"App","decl":{"start":{"line":12,"column":9},"end":{"line":12,"column":12}},"loc":{"start":{"line":12,"column":16},"end":{"line":36,"column":1}},"line":12}},"branchMap":{},"s":{"0":1,"1":1,"2":1},"f":{"0":1},"b":{},"_coverageSchema":"1a1c01bbd47fc00a2c39e90264f33305004495a9","hash":"a8069b49511d699923926f2dccab2bd63de71b11"}
,"C:\\SHIVA\\Training\\React\\spark-clothing-app\\src\\index.js": {"path":"C:\\SHIVA\\Training\\React\\spark-clothing-app\\src\\index.js","statementMap":{"0":{"start":{"line":9,"column":13},"end":{"line":9,"column":65}},"1":{"start":{"line":10,"column":0},"end":{"line":14,"column":2}},"2":{"start":{"line":19,"column":0},"end":{"line":19,"column":18}}},"fnMap":{},"branchMap":{},"s":{"0":0,"1":0,"2":0},"f":{},"b":{}}
,"C:\\SHIVA\\Training\\React\\spark-clothing-app\\src\\reportWebVitals.js": {"path":"C:\\SHIVA\\Training\\React\\spark-clothing-app\\src\\reportWebVitals.js","statementMap":{"0":{"start":{"line":1,"column":24},"end":{"line":11,"column":1}},"1":{"start":{"line":2,"column":2},"end":{"line":10,"column":3}},"2":{"start":{"line":3,"column":4},"end":{"line":9,"column":7}},"3":{"start":{"line":4,"column":6},"end":{"line":4,"column":26}},"4":{"start":{"line":5,"column":6},"end":{"line":5,"column":26}},"5":{"start":{"line":6,"column":6},"end":{"line":6,"column":26}},"6":{"start":{"line":7,"column":6},"end":{"line":7,"column":26}},"7":{"start":{"line":8,"column":6},"end":{"line":8,"column":27}}},"fnMap":{"0":{"name":"(anonymous_0)","decl":{"start":{"line":1,"column":24},"end":{"line":1,"column":25}},"loc":{"start":{"line":1,"column":39},"end":{"line":11,"column":1}},"line":1},"1":{"name":"(anonymous_1)","decl":{"start":{"line":3,"column":30},"end":{"line":3,"column":31}},"loc":{"start":{"line":3,"column":79},"end":{"line":9,"column":5}},"line":3}},"branchMap":{"0":{"loc":{"start":{"line":2,"column":2},"end":{"line":10,"column":3}},"type":"if","locations":[{"start":{"line":2,"column":2},"end":{"line":10,"column":3}},{"start":{},"end":{}}],"line":2},"1":{"loc":{"start":{"line":2,"column":6},"end":{"line":2,"column":52}},"type":"binary-expr","locations":[{"start":{"line":2,"column":6},"end":{"line":2,"column":17}},{"start":{"line":2,"column":21},"end":{"line":2,"column":52}}],"line":2}},"s":{"0":0,"1":0,"2":0,"3":0,"4":0,"5":0,"6":0,"7":0},"f":{"0":0,"1":0},"b":{"0":[0,0],"1":[0,0]}}
,"C:\\SHIVA\\Training\\React\\spark-clothing-app\\src\\PageNotFound\\PageNotFound.js": {"path":"C:\\SHIVA\\Training\\React\\spark-clothing-app\\src\\PageNotFound\\PageNotFound.js","statementMap":{"0":{"start":{"line":5,"column":21},"end":{"line":26,"column":1}},"1":{"start":{"line":6,"column":2},"end":{"line":25,"column":4}}},"fnMap":{"0":{"name":"(anonymous_0)","decl":{"start":{"line":5,"column":21},"end":{"line":5,"column":22}},"loc":{"start":{"line":5,"column":27},"end":{"line":26,"column":1}},"line":5}},"branchMap":{},"s":{"0":1,"1":0},"f":{"0":0},"b":{},"_coverageSchema":"1a1c01bbd47fc00a2c39e90264f33305004495a9","hash":"7384ea6bffaa89c8b5828c202605c5e7101414aa"}
,"C:\\SHIVA\\Training\\React\\spark-clothing-app\\src\\components\\Footer\\Footer.js": {"path":"C:\\SHIVA\\Training\\React\\spark-clothing-app\\src\\components\\Footer\\Footer.js","statementMap":{"0":{"start":{"line":15,"column":15},"end":{"line":54,"column":1}},"1":{"start":{"line":16,"column":2},"end":{"line":53,"column":4}}},"fnMap":{"0":{"name":"(anonymous_0)","decl":{"start":{"line":15,"column":15},"end":{"line":15,"column":16}},"loc":{"start":{"line":15,"column":21},"end":{"line":54,"column":1}},"line":15}},"branchMap":{},"s":{"0":1,"1":1},"f":{"0":1},"b":{},"_coverageSchema":"1a1c01bbd47fc00a2c39e90264f33305004495a9","hash":"54b5b20f2c3f5c12f405856180de5c91dce184f9"}
,"C:\\SHIVA\\Training\\React\\spark-clothing-app\\src\\components\\Header\\Header.js": {"path":"C:\\SHIVA\\Training\\React\\spark-clothing-app\\src\\components\\Header\\Header.js","statementMap":{"0":{"start":{"line":6,"column":15},"end":{"line":47,"column":1}},"1":{"start":{"line":7,"column":2},"end":{"line":46,"column":4}}},"fnMap":{"0":{"name":"(anonymous_0)","decl":{"start":{"line":6,"column":15},"end":{"line":6,"column":16}},"loc":{"start":{"line":6,"column":21},"end":{"line":47,"column":1}},"line":6}},"branchMap":{},"s":{"0":1,"1":1},"f":{"0":1},"b":{},"_coverageSchema":"1a1c01bbd47fc00a2c39e90264f33305004495a9","hash":"8fa9772feb13afa3263f7a85a275552f5d43a244"}
,"C:\\SHIVA\\Training\\React\\spark-clothing-app\\src\\components\\MenuList\\MenuItem.js": {"path":"C:\\SHIVA\\Training\\React\\spark-clothing-app\\src\\components\\MenuList\\MenuItem.js","statementMap":{"0":{"start":{"line":5,"column":17},"end":{"line":14,"column":1}},"1":{"start":{"line":6,"column":2},"end":{"line":6,"column":21}},"2":{"start":{"line":7,"column":2},"end":{"line":13,"column":4}},"3":{"start":{"line":16,"column":0},"end":{"line":19,"column":2}}},"fnMap":{"0":{"name":"(anonymous_0)","decl":{"start":{"line":5,"column":17},"end":{"line":5,"column":18}},"loc":{"start":{"line":5,"column":38},"end":{"line":14,"column":1}},"line":5}},"branchMap":{},"s":{"0":1,"1":4,"2":4,"3":1},"f":{"0":4},"b":{},"_coverageSchema":"1a1c01bbd47fc00a2c39e90264f33305004495a9","hash":"9aa415eb6c268d041bbe83708b534623658f28bb"}
,"C:\\SHIVA\\Training\\React\\spark-clothing-app\\src\\components\\MenuList\\MenuList.js": {"path":"C:\\SHIVA\\Training\\React\\spark-clothing-app\\src\\components\\MenuList\\MenuList.js","statementMap":{"0":{"start":{"line":5,"column":17},"end":{"line":19,"column":1}},"1":{"start":{"line":6,"column":20},"end":{"line":11,"column":3}},"2":{"start":{"line":12,"column":2},"end":{"line":18,"column":4}},"3":{"start":{"line":15,"column":8},"end":{"line":15,"column":70}}},"fnMap":{"0":{"name":"(anonymous_0)","decl":{"start":{"line":5,"column":17},"end":{"line":5,"column":18}},"loc":{"start":{"line":5,"column":23},"end":{"line":19,"column":1}},"line":5},"1":{"name":"(anonymous_1)","decl":{"start":{"line":14,"column":21},"end":{"line":14,"column":22}},"loc":{"start":{"line":15,"column":8},"end":{"line":15,"column":70}},"line":15}},"branchMap":{},"s":{"0":1,"1":1,"2":1,"3":4},"f":{"0":1,"1":4},"b":{},"_coverageSchema":"1a1c01bbd47fc00a2c39e90264f33305004495a9","hash":"2a9192682352eafe829bec667f3e93316c631681"}
,"C:\\SHIVA\\Training\\React\\spark-clothing-app\\src\\contexts\\CartContext.js": {"path":"C:\\SHIVA\\Training\\React\\spark-clothing-app\\src\\contexts\\CartContext.js","statementMap":{"0":{"start":{"line":3,"column":27},"end":{"line":3,"column":42}}},"fnMap":{},"branchMap":{},"s":{"0":1},"f":{},"b":{},"_coverageSchema":"1a1c01bbd47fc00a2c39e90264f33305004495a9","hash":"4a5ac9d2e6c8d6d45dee69d5913ff34a69f0d04b"}
,"C:\\SHIVA\\Training\\React\\spark-clothing-app\\src\\contexts\\PageContext.js": {"path":"C:\\SHIVA\\Training\\React\\spark-clothing-app\\src\\contexts\\PageContext.js","statementMap":{"0":{"start":{"line":4,"column":27},"end":{"line":4,"column":42}}},"fnMap":{},"branchMap":{},"s":{"0":1},"f":{},"b":{},"_coverageSchema":"1a1c01bbd47fc00a2c39e90264f33305004495a9","hash":"95a2531b33d62c9b43529aa17d0f7ecbc5855474"}
,"C:\\SHIVA\\Training\\React\\spark-clothing-app\\src\\pages\\About\\About.js": {"path":"C:\\SHIVA\\Training\\React\\spark-clothing-app\\src\\pages\\About\\About.js","statementMap":{"0":{"start":{"line":7,"column":14},"end":{"line":69,"column":1}},"1":{"start":{"line":8,"column":2},"end":{"line":68,"column":4}}},"fnMap":{"0":{"name":"(anonymous_0)","decl":{"start":{"line":7,"column":14},"end":{"line":7,"column":15}},"loc":{"start":{"line":7,"column":20},"end":{"line":69,"column":1}},"line":7}},"branchMap":{},"s":{"0":1,"1":0},"f":{"0":0},"b":{},"_coverageSchema":"1a1c01bbd47fc00a2c39e90264f33305004495a9","hash":"a5ec03da0b28a8be69cb6bc5e85e31d34fd41d7c"}
,"C:\\SHIVA\\Training\\React\\spark-clothing-app\\src\\pages\\About\\History.js": {"path":"C:\\SHIVA\\Training\\React\\spark-clothing-app\\src\\pages\\About\\History.js","statementMap":{"0":{"start":{"line":3,"column":16},"end":{"line":44,"column":1}},"1":{"start":{"line":4,"column":2},"end":{"line":43,"column":4}}},"fnMap":{"0":{"name":"(anonymous_0)","decl":{"start":{"line":3,"column":16},"end":{"line":3,"column":17}},"loc":{"start":{"line":3,"column":22},"end":{"line":44,"column":1}},"line":3}},"branchMap":{},"s":{"0":0,"1":0},"f":{"0":0},"b":{}}
,"C:\\SHIVA\\Training\\React\\spark-clothing-app\\src\\pages\\ContactUsPage\\ContactUsPage.js": {"path":"C:\\SHIVA\\Training\\React\\spark-clothing-app\\src\\pages\\ContactUsPage\\ContactUsPage.js","statementMap":{"0":{"start":{"line":7,"column":22},"end":{"line":22,"column":1}},"1":{"start":{"line":8,"column":2},"end":{"line":21,"column":4}}},"fnMap":{"0":{"name":"(anonymous_0)","decl":{"start":{"line":7,"column":22},"end":{"line":7,"column":23}},"loc":{"start":{"line":7,"column":28},"end":{"line":22,"column":1}},"line":7}},"branchMap":{},"s":{"0":1,"1":0},"f":{"0":0},"b":{},"_coverageSchema":"1a1c01bbd47fc00a2c39e90264f33305004495a9","hash":"5914c3fb1102af54e260b22d35e7736b121f0d56"}
,"C:\\SHIVA\\Training\\React\\spark-clothing-app\\src\\pages\\ContactUsPage\\ContactForm\\ContactForm.js": {"path":"C:\\SHIVA\\Training\\React\\spark-clothing-app\\src\\pages\\ContactUsPage\\ContactForm\\ContactForm.js","statementMap":{"0":{"start":{"line":6,"column":20},"end":{"line":157,"column":1}},"1":{"start":{"line":7,"column":52},"end":{"line":7,"column":67}},"2":{"start":{"line":12,"column":6},"end":{"line":12,"column":15}},"3":{"start":{"line":14,"column":26},"end":{"line":18,"column":4}},"4":{"start":{"line":20,"column":23},"end":{"line":26,"column":3}},"5":{"start":{"line":21,"column":18},"end":{"line":21,"column":36}},"6":{"start":{"line":22,"column":4},"end":{"line":25,"column":7}},"7":{"start":{"line":28,"column":19},"end":{"line":46,"column":3}},"8":{"start":{"line":29,"column":4},"end":{"line":29,"column":27}},"9":{"start":{"line":30,"column":27},"end":{"line":34,"column":5}},"10":{"start":{"line":36,"column":4},"end":{"line":45,"column":9}},"11":{"start":{"line":39,"column":8},"end":{"line":43,"column":11}},"12":{"start":{"line":44,"column":8},"end":{"line":44,"column":35}},"13":{"start":{"line":48,"column":2},"end":{"line":156,"column":4}}},"fnMap":{"0":{"name":"(anonymous_0)","decl":{"start":{"line":6,"column":20},"end":{"line":6,"column":21}},"loc":{"start":{"line":6,"column":26},"end":{"line":157,"column":1}},"line":6},"1":{"name":"(anonymous_1)","decl":{"start":{"line":20,"column":23},"end":{"line":20,"column":24}},"loc":{"start":{"line":20,"column":34},"end":{"line":26,"column":3}},"line":20},"2":{"name":"(anonymous_2)","decl":{"start":{"line":28,"column":19},"end":{"line":28,"column":20}},"loc":{"start":{"line":28,"column":36},"end":{"line":46,"column":3}},"line":28},"3":{"name":"(anonymous_3)","decl":{"start":{"line":38,"column":12},"end":{"line":38,"column":13}},"loc":{"start":{"line":38,"column":18},"end":{"line":45,"column":7}},"line":38}},"branchMap":{"0":{"loc":{"start":{"line":75,"column":11},"end":{"line":75,"column":78}},"type":"binary-expr","locations":[{"start":{"line":75,"column":11},"end":{"line":75,"column":22}},{"start":{"line":75,"column":26},"end":{"line":75,"column":78}}],"line":75},"1":{"loc":{"start":{"line":99,"column":11},"end":{"line":101,"column":11}},"type":"binary-expr","locations":[{"start":{"line":99,"column":11},"end":{"line":99,"column":23}},{"start":{"line":100,"column":12},"end":{"line":100,"column":65}}],"line":99},"2":{"loc":{"start":{"line":121,"column":11},"end":{"line":123,"column":11}},"type":"binary-expr","locations":[{"start":{"line":121,"column":11},"end":{"line":121,"column":23}},{"start":{"line":122,"column":12},"end":{"line":122,"column":71}}],"line":121},"3":{"loc":{"start":{"line":135,"column":7},"end":{"line":154,"column":7}},"type":"binary-expr","locations":[{"start":{"line":135,"column":7},"end":{"line":135,"column":24}},{"start":{"line":136,"column":8},"end":{"line":153,"column":14}}],"line":135}},"s":{"0":1,"1":0,"2":0,"3":0,"4":0,"5":0,"6":0,"7":0,"8":0,"9":0,"10":0,"11":0,"12":0,"13":0},"f":{"0":0,"1":0,"2":0,"3":0},"b":{"0":[0,0],"1":[0,0],"2":[0,0],"3":[0,0]},"_coverageSchema":"1a1c01bbd47fc00a2c39e90264f33305004495a9","hash":"d9e4dc1c9fb63997aeeaa3065fe985a9c4f46c62"}
,"C:\\SHIVA\\Training\\React\\spark-clothing-app\\src\\pages\\ContactUsPage\\ContactInfo\\ContactInfo.js": {"path":"C:\\SHIVA\\Training\\React\\spark-clothing-app\\src\\pages\\ContactUsPage\\ContactInfo\\ContactInfo.js","statementMap":{"0":{"start":{"line":11,"column":20},"end":{"line":113,"column":1}},"1":{"start":{"line":12,"column":40},"end":{"line":12,"column":52}},"2":{"start":{"line":13,"column":36},"end":{"line":13,"column":50}},"3":{"start":{"line":14,"column":32},"end":{"line":14,"column":47}},"4":{"start":{"line":16,"column":2},"end":{"line":27,"column":9}},"5":{"start":{"line":17,"column":4},"end":{"line":26,"column":9}},"6":{"start":{"line":20,"column":8},"end":{"line":20,"column":28}},"7":{"start":{"line":21,"column":8},"end":{"line":21,"column":33}},"8":{"start":{"line":24,"column":8},"end":{"line":24,"column":28}},"9":{"start":{"line":25,"column":8},"end":{"line":25,"column":25}},"10":{"start":{"line":29,"column":2},"end":{"line":31,"column":3}},"11":{"start":{"line":30,"column":4},"end":{"line":30,"column":50}},"12":{"start":{"line":33,"column":2},"end":{"line":35,"column":3}},"13":{"start":{"line":34,"column":4},"end":{"line":34,"column":80}},"14":{"start":{"line":36,"column":2},"end":{"line":112,"column":4}}},"fnMap":{"0":{"name":"(anonymous_0)","decl":{"start":{"line":11,"column":20},"end":{"line":11,"column":21}},"loc":{"start":{"line":11,"column":26},"end":{"line":113,"column":1}},"line":11},"1":{"name":"(anonymous_1)","decl":{"start":{"line":16,"column":12},"end":{"line":16,"column":13}},"loc":{"start":{"line":16,"column":18},"end":{"line":27,"column":3}},"line":16},"2":{"name":"(anonymous_2)","decl":{"start":{"line":19,"column":12},"end":{"line":19,"column":13}},"loc":{"start":{"line":19,"column":21},"end":{"line":22,"column":7}},"line":19},"3":{"name":"(anonymous_3)","decl":{"start":{"line":23,"column":13},"end":{"line":23,"column":14}},"loc":{"start":{"line":23,"column":19},"end":{"line":26,"column":7}},"line":23}},"branchMap":{"0":{"loc":{"start":{"line":29,"column":2},"end":{"line":31,"column":3}},"type":"if","locations":[{"start":{"line":29,"column":2},"end":{"line":31,"column":3}},{"start":{},"end":{}}],"line":29},"1":{"loc":{"start":{"line":33,"column":2},"end":{"line":35,"column":3}},"type":"if","locations":[{"start":{"line":33,"column":2},"end":{"line":35,"column":3}},{"start":{},"end":{}}],"line":33}},"s":{"0":1,"1":0,"2":0,"3":0,"4":0,"5":0,"6":0,"7":0,"8":0,"9":0,"10":0,"11":0,"12":0,"13":0,"14":0},"f":{"0":0,"1":0,"2":0,"3":0},"b":{"0":[0,0],"1":[0,0]},"_coverageSchema":"1a1c01bbd47fc00a2c39e90264f33305004495a9","hash":"70d787aaa5e38132d31ed0ad3dc652214209e4e8"}
,"C:\\SHIVA\\Training\\React\\spark-clothing-app\\src\\pages\\Home\\Home.js": {"path":"C:\\SHIVA\\Training\\React\\spark-clothing-app\\src\\pages\\Home\\Home.js","statementMap":{"0":{"start":{"line":6,"column":13},"end":{"line":22,"column":1}},"1":{"start":{"line":7,"column":2},"end":{"line":21,"column":4}}},"fnMap":{"0":{"name":"(anonymous_0)","decl":{"start":{"line":6,"column":13},"end":{"line":6,"column":14}},"loc":{"start":{"line":6,"column":19},"end":{"line":22,"column":1}},"line":6}},"branchMap":{},"s":{"0":1,"1":1},"f":{"0":1},"b":{},"_coverageSchema":"1a1c01bbd47fc00a2c39e90264f33305004495a9","hash":"91f40b72243a860e0eb00888187b76193cba4432"}
,"C:\\SHIVA\\Training\\React\\spark-clothing-app\\src\\pages\\Home\\HomeCarousel.js": {"path":"C:\\SHIVA\\Training\\React\\spark-clothing-app\\src\\pages\\Home\\HomeCarousel.js","statementMap":{"0":{"start":{"line":4,"column":21},"end":{"line":29,"column":1}},"1":{"start":{"line":32,"column":28},"end":{"line":32,"column":39}},"2":{"start":{"line":33,"column":23},"end":{"line":35,"column":3}},"3":{"start":{"line":34,"column":4},"end":{"line":34,"column":28}},"4":{"start":{"line":37,"column":2},"end":{"line":57,"column":4}},"5":{"start":{"line":41,"column":10},"end":{"line":53,"column":12}}},"fnMap":{"0":{"name":"HomeCarousel","decl":{"start":{"line":31,"column":9},"end":{"line":31,"column":21}},"loc":{"start":{"line":31,"column":25},"end":{"line":58,"column":1}},"line":31},"1":{"name":"(anonymous_1)","decl":{"start":{"line":33,"column":23},"end":{"line":33,"column":24}},"loc":{"start":{"line":33,"column":45},"end":{"line":35,"column":3}},"line":33},"2":{"name":"(anonymous_2)","decl":{"start":{"line":40,"column":26},"end":{"line":40,"column":27}},"loc":{"start":{"line":40,"column":37},"end":{"line":54,"column":9}},"line":40}},"branchMap":{},"s":{"0":1,"1":1,"2":1,"3":0,"4":1,"5":4},"f":{"0":1,"1":0,"2":4},"b":{},"_coverageSchema":"1a1c01bbd47fc00a2c39e90264f33305004495a9","hash":"69d9cb00d89a1a37138daea9198b97da97194630"}
,"C:\\SHIVA\\Training\\React\\spark-clothing-app\\src\\pages\\Home\\LatestProducts.js": {"path":"C:\\SHIVA\\Training\\React\\spark-clothing-app\\src\\pages\\Home\\LatestProducts.js","statementMap":{"0":{"start":{"line":7,"column":23},"end":{"line":149,"column":1}},"1":{"start":{"line":8,"column":36},"end":{"line":8,"column":50}},"2":{"start":{"line":9,"column":52},"end":{"line":9,"column":64}},"3":{"start":{"line":10,"column":32},"end":{"line":10,"column":47}},"4":{"start":{"line":12,"column":2},"end":{"line":29,"column":9}},"5":{"start":{"line":13,"column":4},"end":{"line":28,"column":9}},"6":{"start":{"line":16,"column":8},"end":{"line":16,"column":25}},"7":{"start":{"line":17,"column":8},"end":{"line":17,"column":39}},"8":{"start":{"line":18,"column":8},"end":{"line":18,"column":28}},"9":{"start":{"line":19,"column":8},"end":{"line":19,"column":26}},"10":{"start":{"line":22,"column":8},"end":{"line":22,"column":25}},"11":{"start":{"line":23,"column":8},"end":{"line":23,"column":28}},"12":{"start":{"line":24,"column":8},"end":{"line":24,"column":25}},"13":{"start":{"line":27,"column":8},"end":{"line":27,"column":36}},"14":{"start":{"line":31,"column":2},"end":{"line":33,"column":3}},"15":{"start":{"line":32,"column":4},"end":{"line":32,"column":77}},"16":{"start":{"line":35,"column":2},"end":{"line":41,"column":3}},"17":{"start":{"line":36,"column":4},"end":{"line":40,"column":6}},"18":{"start":{"line":43,"column":2},"end":{"line":148,"column":4}},"19":{"start":{"line":56,"column":14},"end":{"line":102,"column":16}}},"fnMap":{"0":{"name":"(anonymous_0)","decl":{"start":{"line":7,"column":23},"end":{"line":7,"column":24}},"loc":{"start":{"line":7,"column":29},"end":{"line":149,"column":1}},"line":7},"1":{"name":"(anonymous_1)","decl":{"start":{"line":12,"column":12},"end":{"line":12,"column":13}},"loc":{"start":{"line":12,"column":18},"end":{"line":29,"column":3}},"line":12},"2":{"name":"(anonymous_2)","decl":{"start":{"line":15,"column":12},"end":{"line":15,"column":13}},"loc":{"start":{"line":15,"column":21},"end":{"line":20,"column":7}},"line":15},"3":{"name":"(anonymous_3)","decl":{"start":{"line":21,"column":13},"end":{"line":21,"column":14}},"loc":{"start":{"line":21,"column":22},"end":{"line":25,"column":7}},"line":21},"4":{"name":"(anonymous_4)","decl":{"start":{"line":26,"column":15},"end":{"line":26,"column":16}},"loc":{"start":{"line":26,"column":21},"end":{"line":28,"column":7}},"line":26},"5":{"name":"(anonymous_5)","decl":{"start":{"line":55,"column":35},"end":{"line":55,"column":36}},"loc":{"start":{"line":55,"column":48},"end":{"line":103,"column":13}},"line":55}},"branchMap":{"0":{"loc":{"start":{"line":31,"column":2},"end":{"line":33,"column":3}},"type":"if","locations":[{"start":{"line":31,"column":2},"end":{"line":33,"column":3}},{"start":{},"end":{}}],"line":31},"1":{"loc":{"start":{"line":35,"column":2},"end":{"line":41,"column":3}},"type":"if","locations":[{"start":{"line":35,"column":2},"end":{"line":41,"column":3}},{"start":{},"end":{}}],"line":35}},"s":{"0":1,"1":1,"2":1,"3":1,"4":1,"5":1,"6":0,"7":0,"8":0,"9":0,"10":0,"11":0,"12":0,"13":0,"14":1,"15":1,"16":0,"17":0,"18":0,"19":0},"f":{"0":1,"1":1,"2":0,"3":0,"4":0,"5":0},"b":{"0":[1,0],"1":[0,0]},"_coverageSchema":"1a1c01bbd47fc00a2c39e90264f33305004495a9","hash":"48a37eb8f7fe49e5eb78922048d5ea66d9345d9e"}
,"C:\\SHIVA\\Training\\React\\spark-clothing-app\\src\\pages\\Products\\ProductCategories.js": {"path":"C:\\SHIVA\\Training\\React\\spark-clothing-app\\src\\pages\\Products\\ProductCategories.js","statementMap":{"0":{"start":{"line":6,"column":26},"end":{"line":70,"column":1}},"1":{"start":{"line":7,"column":36},"end":{"line":7,"column":50}},"2":{"start":{"line":8,"column":56},"end":{"line":8,"column":68}},"3":{"start":{"line":9,"column":32},"end":{"line":9,"column":47}},"4":{"start":{"line":11,"column":2},"end":{"line":28,"column":9}},"5":{"start":{"line":12,"column":4},"end":{"line":27,"column":9}},"6":{"start":{"line":15,"column":8},"end":{"line":15,"column":25}},"7":{"start":{"line":16,"column":8},"end":{"line":16,"column":39}},"8":{"start":{"line":17,"column":8},"end":{"line":17,"column":28}},"9":{"start":{"line":18,"column":8},"end":{"line":18,"column":26}},"10":{"start":{"line":21,"column":8},"end":{"line":21,"column":25}},"11":{"start":{"line":22,"column":8},"end":{"line":22,"column":28}},"12":{"start":{"line":23,"column":8},"end":{"line":23,"column":25}},"13":{"start":{"line":26,"column":8},"end":{"line":26,"column":36}},"14":{"start":{"line":30,"column":2},"end":{"line":32,"column":3}},"15":{"start":{"line":31,"column":4},"end":{"line":31,"column":77}},"16":{"start":{"line":34,"column":2},"end":{"line":40,"column":3}},"17":{"start":{"line":35,"column":4},"end":{"line":39,"column":6}},"18":{"start":{"line":42,"column":2},"end":{"line":69,"column":4}},"19":{"start":{"line":52,"column":10},"end":{"line":65,"column":12}}},"fnMap":{"0":{"name":"(anonymous_0)","decl":{"start":{"line":6,"column":26},"end":{"line":6,"column":27}},"loc":{"start":{"line":6,"column":32},"end":{"line":70,"column":1}},"line":6},"1":{"name":"(anonymous_1)","decl":{"start":{"line":11,"column":12},"end":{"line":11,"column":13}},"loc":{"start":{"line":11,"column":18},"end":{"line":28,"column":3}},"line":11},"2":{"name":"(anonymous_2)","decl":{"start":{"line":14,"column":12},"end":{"line":14,"column":13}},"loc":{"start":{"line":14,"column":21},"end":{"line":19,"column":7}},"line":14},"3":{"name":"(anonymous_3)","decl":{"start":{"line":20,"column":13},"end":{"line":20,"column":14}},"loc":{"start":{"line":20,"column":22},"end":{"line":24,"column":7}},"line":20},"4":{"name":"(anonymous_4)","decl":{"start":{"line":25,"column":15},"end":{"line":25,"column":16}},"loc":{"start":{"line":25,"column":21},"end":{"line":27,"column":7}},"line":25},"5":{"name":"(anonymous_5)","decl":{"start":{"line":51,"column":36},"end":{"line":51,"column":37}},"loc":{"start":{"line":51,"column":59},"end":{"line":66,"column":9}},"line":51}},"branchMap":{"0":{"loc":{"start":{"line":30,"column":2},"end":{"line":32,"column":3}},"type":"if","locations":[{"start":{"line":30,"column":2},"end":{"line":32,"column":3}},{"start":{},"end":{}}],"line":30},"1":{"loc":{"start":{"line":34,"column":2},"end":{"line":40,"column":3}},"type":"if","locations":[{"start":{"line":34,"column":2},"end":{"line":40,"column":3}},{"start":{},"end":{}}],"line":34},"2":{"loc":{"start":{"line":56,"column":18},"end":{"line":58,"column":33}},"type":"cond-expr","locations":[{"start":{"line":57,"column":22},"end":{"line":57,"column":68}},{"start":{"line":58,"column":22},"end":{"line":58,"column":33}}],"line":56}},"s":{"0":0,"1":0,"2":0,"3":0,"4":0,"5":0,"6":0,"7":0,"8":0,"9":0,"10":0,"11":0,"12":0,"13":0,"14":0,"15":0,"16":0,"17":0,"18":0,"19":0},"f":{"0":0,"1":0,"2":0,"3":0,"4":0,"5":0},"b":{"0":[0,0],"1":[0,0],"2":[0,0]}}
,"C:\\SHIVA\\Training\\React\\spark-clothing-app\\src\\pages\\Products\\ProductDetails.js": {"path":"C:\\SHIVA\\Training\\React\\spark-clothing-app\\src\\pages\\Products\\ProductDetails.js","statementMap":{"0":{"start":{"line":8,"column":23},"end":{"line":262,"column":1}},"1":{"start":{"line":9,"column":36},"end":{"line":9,"column":50}},"2":{"start":{"line":10,"column":32},"end":{"line":10,"column":44}},"3":{"start":{"line":11,"column":32},"end":{"line":11,"column":47}},"4":{"start":{"line":13,"column":17},"end":{"line":13,"column":28}},"5":{"start":{"line":14,"column":2},"end":{"line":14,"column":18}},"6":{"start":{"line":16,"column":2},"end":{"line":37,"column":9}},"7":{"start":{"line":21,"column":4},"end":{"line":36,"column":9}},"8":{"start":{"line":24,"column":8},"end":{"line":24,"column":25}},"9":{"start":{"line":25,"column":8},"end":{"line":25,"column":29}},"10":{"start":{"line":26,"column":8},"end":{"line":26,"column":28}},"11":{"start":{"line":27,"column":8},"end":{"line":27,"column":26}},"12":{"start":{"line":30,"column":8},"end":{"line":30,"column":25}},"13":{"start":{"line":31,"column":8},"end":{"line":31,"column":28}},"14":{"start":{"line":32,"column":8},"end":{"line":32,"column":25}},"15":{"start":{"line":35,"column":8},"end":{"line":35,"column":36}},"16":{"start":{"line":39,"column":2},"end":{"line":41,"column":3}},"17":{"start":{"line":40,"column":4},"end":{"line":40,"column":77}},"18":{"start":{"line":43,"column":2},"end":{"line":49,"column":3}},"19":{"start":{"line":44,"column":4},"end":{"line":48,"column":6}},"20":{"start":{"line":51,"column":2},"end":{"line":261,"column":4}}},"fnMap":{"0":{"name":"(anonymous_0)","decl":{"start":{"line":8,"column":23},"end":{"line":8,"column":24}},"loc":{"start":{"line":8,"column":29},"end":{"line":262,"column":1}},"line":8},"1":{"name":"(anonymous_1)","decl":{"start":{"line":16,"column":12},"end":{"line":16,"column":13}},"loc":{"start":{"line":16,"column":18},"end":{"line":37,"column":3}},"line":16},"2":{"name":"(anonymous_2)","decl":{"start":{"line":23,"column":12},"end":{"line":23,"column":13}},"loc":{"start":{"line":23,"column":21},"end":{"line":28,"column":7}},"line":23},"3":{"name":"(anonymous_3)","decl":{"start":{"line":29,"column":13},"end":{"line":29,"column":14}},"loc":{"start":{"line":29,"column":22},"end":{"line":33,"column":7}},"line":29},"4":{"name":"(anonymous_4)","decl":{"start":{"line":34,"column":15},"end":{"line":34,"column":16}},"loc":{"start":{"line":34,"column":21},"end":{"line":36,"column":7}},"line":34}},"branchMap":{"0":{"loc":{"start":{"line":39,"column":2},"end":{"line":41,"column":3}},"type":"if","locations":[{"start":{"line":39,"column":2},"end":{"line":41,"column":3}},{"start":{},"end":{}}],"line":39},"1":{"loc":{"start":{"line":43,"column":2},"end":{"line":49,"column":3}},"type":"if","locations":[{"start":{"line":43,"column":2},"end":{"line":49,"column":3}},{"start":{},"end":{}}],"line":43}},"s":{"0":1,"1":0,"2":0,"3":0,"4":0,"5":0,"6":0,"7":0,"8":0,"9":0,"10":0,"11":0,"12":0,"13":0,"14":0,"15":0,"16":0,"17":0,"18":0,"19":0,"20":0},"f":{"0":0,"1":0,"2":0,"3":0,"4":0},"b":{"0":[0,0],"1":[0,0]},"_coverageSchema":"1a1c01bbd47fc00a2c39e90264f33305004495a9","hash":"06a259998282fa3e1089e2762f95b94b08a1f504"}
,"C:\\SHIVA\\Training\\React\\spark-clothing-app\\src\\pages\\Products\\Products.js": {"path":"C:\\SHIVA\\Training\\React\\spark-clothing-app\\src\\pages\\Products\\Products.js","statementMap":{"0":{"start":{"line":11,"column":17},"end":{"line":216,"column":1}},"1":{"start":{"line":15,"column":36},"end":{"line":15,"column":50}},"2":{"start":{"line":16,"column":40},"end":{"line":16,"column":52}},"3":{"start":{"line":17,"column":32},"end":{"line":17,"column":47}},"4":{"start":{"line":18,"column":34},"end":{"line":18,"column":52}},"5":{"start":{"line":20,"column":19},"end":{"line":20,"column":32}},"6":{"start":{"line":21,"column":19},"end":{"line":21,"column":71}},"7":{"start":{"line":24,"column":4},"end":{"line":26,"column":40}},"8":{"start":{"line":28,"column":2},"end":{"line":50,"column":16}},"9":{"start":{"line":29,"column":4},"end":{"line":33,"column":5}},"10":{"start":{"line":30,"column":6},"end":{"line":30,"column":49}},"11":{"start":{"line":31,"column":11},"end":{"line":33,"column":5}},"12":{"start":{"line":32,"column":6},"end":{"line":32,"column":60}},"13":{"start":{"line":34,"column":4},"end":{"line":49,"column":9}},"14":{"start":{"line":37,"column":8},"end":{"line":37,"column":25}},"15":{"start":{"line":38,"column":8},"end":{"line":38,"column":33}},"16":{"start":{"line":39,"column":8},"end":{"line":39,"column":28}},"17":{"start":{"line":40,"column":8},"end":{"line":40,"column":26}},"18":{"start":{"line":43,"column":8},"end":{"line":43,"column":25}},"19":{"start":{"line":44,"column":8},"end":{"line":44,"column":28}},"20":{"start":{"line":45,"column":8},"end":{"line":45,"column":25}},"21":{"start":{"line":48,"column":8},"end":{"line":48,"column":36}},"22":{"start":{"line":52,"column":2},"end":{"line":54,"column":3}},"23":{"start":{"line":53,"column":4},"end":{"line":53,"column":77}},"24":{"start":{"line":56,"column":2},"end":{"line":62,"column":3}},"25":{"start":{"line":57,"column":4},"end":{"line":61,"column":6}},"26":{"start":{"line":64,"column":29},"end":{"line":86,"column":3}},"27":{"start":{"line":65,"column":4},"end":{"line":65,"column":32}},"28":{"start":{"line":66,"column":4},"end":{"line":85,"column":5}},"29":{"start":{"line":67,"column":28},"end":{"line":67,"column":67}},"30":{"start":{"line":68,"column":23},"end":{"line":68,"column":117}},"31":{"start":{"line":69,"column":6},"end":{"line":84,"column":11}},"32":{"start":{"line":72,"column":10},"end":{"line":72,"column":32}},"33":{"start":{"line":73,"column":10},"end":{"line":73,"column":35}},"34":{"start":{"line":74,"column":10},"end":{"line":74,"column":30}},"35":{"start":{"line":75,"column":10},"end":{"line":75,"column":28}},"36":{"start":{"line":78,"column":10},"end":{"line":78,"column":27}},"37":{"start":{"line":79,"column":10},"end":{"line":79,"column":30}},"38":{"start":{"line":80,"column":10},"end":{"line":80,"column":27}},"39":{"start":{"line":83,"column":10},"end":{"line":83,"column":51}},"40":{"start":{"line":120,"column":2},"end":{"line":215,"column":4}},"41":{"start":{"line":156,"column":16},"end":{"line":208,"column":18}}},"fnMap":{"0":{"name":"(anonymous_0)","decl":{"start":{"line":11,"column":17},"end":{"line":11,"column":18}},"loc":{"start":{"line":11,"column":23},"end":{"line":216,"column":1}},"line":11},"1":{"name":"(anonymous_1)","decl":{"start":{"line":28,"column":12},"end":{"line":28,"column":13}},"loc":{"start":{"line":28,"column":18},"end":{"line":50,"column":3}},"line":28},"2":{"name":"(anonymous_2)","decl":{"start":{"line":36,"column":12},"end":{"line":36,"column":13}},"loc":{"start":{"line":36,"column":21},"end":{"line":41,"column":7}},"line":36},"3":{"name":"(anonymous_3)","decl":{"start":{"line":42,"column":13},"end":{"line":42,"column":14}},"loc":{"start":{"line":42,"column":22},"end":{"line":46,"column":7}},"line":42},"4":{"name":"(anonymous_4)","decl":{"start":{"line":47,"column":15},"end":{"line":47,"column":16}},"loc":{"start":{"line":47,"column":21},"end":{"line":49,"column":7}},"line":47},"5":{"name":"(anonymous_5)","decl":{"start":{"line":64,"column":29},"end":{"line":64,"column":30}},"loc":{"start":{"line":64,"column":36},"end":{"line":86,"column":3}},"line":64},"6":{"name":"(anonymous_6)","decl":{"start":{"line":71,"column":14},"end":{"line":71,"column":15}},"loc":{"start":{"line":71,"column":23},"end":{"line":76,"column":9}},"line":71},"7":{"name":"(anonymous_7)","decl":{"start":{"line":77,"column":15},"end":{"line":77,"column":16}},"loc":{"start":{"line":77,"column":24},"end":{"line":81,"column":9}},"line":77},"8":{"name":"(anonymous_8)","decl":{"start":{"line":82,"column":17},"end":{"line":82,"column":18}},"loc":{"start":{"line":82,"column":23},"end":{"line":84,"column":9}},"line":82},"9":{"name":"(anonymous_9)","decl":{"start":{"line":155,"column":32},"end":{"line":155,"column":33}},"loc":{"start":{"line":155,"column":45},"end":{"line":209,"column":15}},"line":155}},"branchMap":{"0":{"loc":{"start":{"line":24,"column":4},"end":{"line":26,"column":40}},"type":"cond-expr","locations":[{"start":{"line":25,"column":8},"end":{"line":25,"column":61}},{"start":{"line":26,"column":8},"end":{"line":26,"column":40}}],"line":24},"1":{"loc":{"start":{"line":24,"column":4},"end":{"line":24,"column":34}},"type":"binary-expr","locations":[{"start":{"line":24,"column":4},"end":{"line":24,"column":12}},{"start":{"line":24,"column":16},"end":{"line":24,"column":34}}],"line":24},"2":{"loc":{"start":{"line":29,"column":4},"end":{"line":33,"column":5}},"type":"if","locations":[{"start":{"line":29,"column":4},"end":{"line":33,"column":5}},{"start":{"line":31,"column":11},"end":{"line":33,"column":5}}],"line":29},"3":{"loc":{"start":{"line":31,"column":11},"end":{"line":33,"column":5}},"type":"if","locations":[{"start":{"line":31,"column":11},"end":{"line":33,"column":5}},{"start":{},"end":{}}],"line":31},"4":{"loc":{"start":{"line":52,"column":2},"end":{"line":54,"column":3}},"type":"if","locations":[{"start":{"line":52,"column":2},"end":{"line":54,"column":3}},{"start":{},"end":{}}],"line":52},"5":{"loc":{"start":{"line":56,"column":2},"end":{"line":62,"column":3}},"type":"if","locations":[{"start":{"line":56,"column":2},"end":{"line":62,"column":3}},{"start":{},"end":{}}],"line":56},"6":{"loc":{"start":{"line":66,"column":4},"end":{"line":85,"column":5}},"type":"if","locations":[{"start":{"line":66,"column":4},"end":{"line":85,"column":5}},{"start":{},"end":{}}],"line":66},"7":{"loc":{"start":{"line":67,"column":28},"end":{"line":67,"column":67}},"type":"cond-expr","locations":[{"start":{"line":67,"column":39},"end":{"line":67,"column":62}},{"start":{"line":67,"column":65},"end":{"line":67,"column":67}}],"line":67}},"s":{"0":0,"1":0,"2":0,"3":0,"4":0,"5":0,"6":0,"7":0,"8":0,"9":0,"10":0,"11":0,"12":0,"13":0,"14":0,"15":0,"16":0,"17":0,"18":0,"19":0,"20":0,"21":0,"22":0,"23":0,"24":0,"25":0,"26":0,"27":0,"28":0,"29":0,"30":0,"31":0,"32":0,"33":0,"34":0,"35":0,"36":0,"37":0,"38":0,"39":0,"40":0,"41":0},"f":{"0":0,"1":0,"2":0,"3":0,"4":0,"5":0,"6":0,"7":0,"8":0,"9":0},"b":{"0":[0,0],"1":[0,0],"2":[0,0],"3":[0,0],"4":[0,0],"5":[0,0],"6":[0,0],"7":[0,0]}}
,"C:\\SHIVA\\Training\\React\\spark-clothing-app\\src\\reducers\\cartReducer.js": {"path":"C:\\SHIVA\\Training\\React\\spark-clothing-app\\src\\reducers\\cartReducer.js","statementMap":{"0":{"start":{"line":1,"column":20},"end":{"line":9,"column":1}},"1":{"start":{"line":2,"column":2},"end":{"line":8,"column":3}},"2":{"start":{"line":4,"column":4},"end":{"line":4,"column":38}},"3":{"start":{"line":7,"column":4},"end":{"line":7,"column":17}}},"fnMap":{"0":{"name":"(anonymous_0)","decl":{"start":{"line":1,"column":20},"end":{"line":1,"column":21}},"loc":{"start":{"line":1,"column":44},"end":{"line":9,"column":1}},"line":1}},"branchMap":{"0":{"loc":{"start":{"line":1,"column":21},"end":{"line":1,"column":31}},"type":"default-arg","locations":[{"start":{"line":1,"column":29},"end":{"line":1,"column":31}}],"line":1},"1":{"loc":{"start":{"line":2,"column":2},"end":{"line":8,"column":3}},"type":"switch","locations":[{"start":{"line":3,"column":2},"end":{"line":4,"column":38}},{"start":{"line":6,"column":2},"end":{"line":7,"column":17}}],"line":2}},"s":{"0":1,"1":0,"2":0,"3":0},"f":{"0":0},"b":{"0":[0],"1":[0,0]},"_coverageSchema":"1a1c01bbd47fc00a2c39e90264f33305004495a9","hash":"7287a9a244ac97123da6d17d738076c21745daf0"}
,"C:\\SHIVA\\Training\\React\\spark-clothing-app\\src\\routes\\AppRoutes.js": {"path":"C:\\SHIVA\\Training\\React\\spark-clothing-app\\src\\routes\\AppRoutes.js","statementMap":{"0":{"start":{"line":11,"column":17},"end":{"line":11,"column":71}},"1":{"start":{"line":11,"column":34},"end":{"line":11,"column":70}},"2":{"start":{"line":12,"column":16},"end":{"line":12,"column":66}},"3":{"start":{"line":12,"column":33},"end":{"line":12,"column":65}},"4":{"start":{"line":14,"column":18},"end":{"line":31,"column":1}},"5":{"start":{"line":15,"column":2},"end":{"line":30,"column":4}}},"fnMap":{"0":{"name":"(anonymous_0)","decl":{"start":{"line":11,"column":28},"end":{"line":11,"column":29}},"loc":{"start":{"line":11,"column":34},"end":{"line":11,"column":70}},"line":11},"1":{"name":"(anonymous_1)","decl":{"start":{"line":12,"column":27},"end":{"line":12,"column":28}},"loc":{"start":{"line":12,"column":33},"end":{"line":12,"column":65}},"line":12},"2":{"name":"(anonymous_2)","decl":{"start":{"line":14,"column":18},"end":{"line":14,"column":19}},"loc":{"start":{"line":14,"column":24},"end":{"line":31,"column":1}},"line":14}},"branchMap":{},"s":{"0":1,"1":0,"2":1,"3":0,"4":1,"5":1},"f":{"0":0,"1":0,"2":1},"b":{},"_coverageSchema":"1a1c01bbd47fc00a2c39e90264f33305004495a9","hash":"ed419a05105e0ee74a49de0de81ba2d62ca3f894"}
}
